# JRE version: OpenJDK Runtime Environment Temurin-21.0.8+9 (21.0.8+9) (build 21.0.8+9-LTS)
# Java VM: OpenJDK 64-Bit Server VM Temurin-21.0.8+9 (21.0.8+9-LTS, mixed mode, sharing, tiered, compressed oops, compressed class ptrs, parallel gc, windows-amd64)
GC Precious Log:
 CardTable entry size: 512
 CPUs: 16 total, 16 available
 Memory: 16004M
 Large Page Support: Disabled
 NUMA Support: Disabled
 Compressed Oops: Enabled (32-bit)
 Alignments: Space 512K, Generation 512K, Heap 2M
 Heap Min Capacity: 100M
 Heap Initial Capacity: 100M
 Heap Max Capacity: 2G
 Pre-touch: Disabled
 Parallel Workers: 13
Heap:
 PSYoungGen      total 4096K, used 2537K [0x00000000d5580000, 0x00000000d6000000, 0x0000000100000000)
  eden space 2048K, 23% used [0x00000000d5580000,0x00000000d55fa6d0,0x00000000d5780000)
  from space 2048K, 100% used [0x00000000d5780000,0x00000000d5980000,0x00000000d5980000)
  to   space 4096K, 0% used [0x00000000d5c00000,0x00000000d5c00000,0x00000000d6000000)
 ParOldGen       total 429568K, used 429349K [0x0000000080000000, 0x000000009a380000, 0x00000000d5580000)
  object space 429568K, 99% used [0x0000000080000000,0x000000009a3497b8,0x000000009a380000)
 Metaspace       used 61304K, committed 62592K, reserved 1114112K
  class space    used 6585K, committed 7168K, reserved 1048576K
GC Heap History (20 events):
Event: 34.998 GC heap after
{Heap after GC invocations=442 (full 3):
 PSYoungGen      total 3584K, used 1536K [0x00000000d5580000, 0x00000000d5d80000, 0x0000000100000000)
  eden space 2048K, 0% used [0x00000000d5580000,0x00000000d5580000,0x00000000d5780000)
  from space 1536K, 100% used [0x00000000d5780000,0x00000000d5900000,0x00000000d5900000)
  to   space 3072K, 0% used [0x00000000d5a80000,0x00000000d5a80000,0x00000000d5d80000)
 ParOldGen       total 418304K, used 417821K [0x0000000080000000, 0x0000000099880000, 0x00000000d5580000)
  object space 418304K, 99% used [0x0000000080000000,0x0000000099807448,0x0000000099880000)
 Metaspace       used 61114K, committed 62464K, reserved 1114112K
  class space    used 6565K, committed 7168K, reserved 1048576K
}
Event: 35.006 GC heap before
{Heap before GC invocations=443 (full 3):
 PSYoungGen      total 3584K, used 3584K [0x00000000d5580000, 0x00000000d5d80000, 0x0000000100000000)
  eden space 2048K, 100% used [0x00000000d5580000,0x00000000d5780000,0x00000000d5780000)
  from space 1536K, 100% used [0x00000000d5780000,0x00000000d5900000,0x00000000d5900000)
  to   space 3072K, 0% used [0x00000000d5a80000,0x00000000d5a80000,0x00000000d5d80000)
 ParOldGen       total 418304K, used 417821K [0x0000000080000000, 0x0000000099880000, 0x00000000d5580000)
  object space 418304K, 99% used [0x0000000080000000,0x0000000099807448,0x0000000099880000)
 Metaspace       used 61121K, committed 62464K, reserved 1114112K
  class space    used 6565K, committed 7168K, reserved 1048576K
}
Event: 35.010 GC heap after
{Heap after GC invocations=443 (full 3):
 PSYoungGen      total 5120K, used 2247K [0x00000000d5580000, 0x00000000d5d00000, 0x0000000100000000)
  eden space 2560K, 0% used [0x00000000d5580000,0x00000000d5580000,0x00000000d5800000)
  from space 2560K, 87% used [0x00000000d5a80000,0x00000000d5cb1ff0,0x00000000d5d00000)
  to   space 2560K, 0% used [0x00000000d5800000,0x00000000d5800000,0x00000000d5a80000)
 ParOldGen       total 419328K, used 419325K [0x0000000080000000, 0x0000000099980000, 0x00000000d5580000)
  object space 419328K, 99% used [0x0000000080000000,0x000000009997f448,0x0000000099980000)
 Metaspace       used 61121K, committed 62464K, reserved 1114112K
  class space    used 6565K, committed 7168K, reserved 1048576K
}
Event: 35.021 GC heap before
{Heap before GC invocations=444 (full 3):
 PSYoungGen      total 5120K, used 4807K [0x00000000d5580000, 0x00000000d5d00000, 0x0000000100000000)
  eden space 2560K, 100% used [0x00000000d5580000,0x00000000d5800000,0x00000000d5800000)
  from space 2560K, 87% used [0x00000000d5a80000,0x00000000d5cb1ff0,0x00000000d5d00000)
  to   space 2560K, 0% used [0x00000000d5800000,0x00000000d5800000,0x00000000d5a80000)
 ParOldGen       total 419328K, used 419325K [0x0000000080000000, 0x0000000099980000, 0x00000000d5580000)
  object space 419328K, 99% used [0x0000000080000000,0x000000009997f448,0x0000000099980000)
 Metaspace       used 61139K, committed 62464K, reserved 1114112K
  class space    used 6565K, committed 7168K, reserved 1048576K
}
Event: 35.023 GC heap after
{Heap after GC invocations=444 (full 3):
 PSYoungGen      total 5120K, used 1802K [0x00000000d5580000, 0x00000000d5c80000, 0x0000000100000000)
  eden space 2560K, 0% used [0x00000000d5580000,0x00000000d5580000,0x00000000d5800000)
  from space 2560K, 70% used [0x00000000d5800000,0x00000000d59c2ae8,0x00000000d5a80000)
  to   space 2048K, 0% used [0x00000000d5a80000,0x00000000d5a80000,0x00000000d5c80000)
 ParOldGen       total 420352K, used 419947K [0x0000000080000000, 0x0000000099a80000, 0x00000000d5580000)
  object space 420352K, 99% used [0x0000000080000000,0x0000000099a1afa0,0x0000000099a80000)
 Metaspace       used 61139K, committed 62464K, reserved 1114112K
  class space    used 6565K, committed 7168K, reserved 1048576K
}
Event: 35.037 GC heap before
{Heap before GC invocations=445 (full 3):
 PSYoungGen      total 5120K, used 4362K [0x00000000d5580000, 0x00000000d5c80000, 0x0000000100000000)
  eden space 2560K, 100% used [0x00000000d5580000,0x00000000d5800000,0x00000000d5800000)
  from space 2560K, 70% used [0x00000000d5800000,0x00000000d59c2ae8,0x00000000d5a80000)
  to   space 2048K, 0% used [0x00000000d5a80000,0x00000000d5a80000,0x00000000d5c80000)
 ParOldGen       total 420352K, used 419947K [0x0000000080000000, 0x0000000099a80000, 0x00000000d5580000)
  object space 420352K, 99% used [0x0000000080000000,0x0000000099a1afa0,0x0000000099a80000)
 Metaspace       used 61139K, committed 62464K, reserved 1114112K
  class space    used 6565K, committed 7168K, reserved 1048576K
}
Event: 35.041 GC heap after
{Heap after GC invocations=445 (full 3):
 PSYoungGen      total 2560K, used 2048K [0x00000000d5580000, 0x00000000d6180000, 0x0000000100000000)
  eden space 512K, 0% used [0x00000000d5580000,0x00000000d5580000,0x00000000d5600000)
  from space 2048K, 100% used [0x00000000d5a80000,0x00000000d5c80000,0x00000000d5c80000)
  to   space 4608K, 0% used [0x00000000d5600000,0x00000000d5600000,0x00000000d5a80000)
 ParOldGen       total 422400K, used 422086K [0x0000000080000000, 0x0000000099c80000, 0x00000000d5580000)
  object space 422400K, 99% used [0x0000000080000000,0x0000000099c31a88,0x0000000099c80000)
 Metaspace       used 61139K, committed 62464K, reserved 1114112K
  class space    used 6565K, committed 7168K, reserved 1048576K
}
Event: 35.044 GC heap before
{Heap before GC invocations=446 (full 3):
 PSYoungGen      total 2560K, used 2485K [0x00000000d5580000, 0x00000000d6180000, 0x0000000100000000)
  eden space 512K, 85% used [0x00000000d5580000,0x00000000d55ed7c0,0x00000000d5600000)
  from space 2048K, 100% used [0x00000000d5a80000,0x00000000d5c80000,0x00000000d5c80000)
  to   space 4608K, 0% used [0x00000000d5600000,0x00000000d5600000,0x00000000d5a80000)
 ParOldGen       total 422400K, used 422086K [0x0000000080000000, 0x0000000099c80000, 0x00000000d5580000)
  object space 422400K, 99% used [0x0000000080000000,0x0000000099c31a88,0x0000000099c80000)
 Metaspace       used 61139K, committed 62464K, reserved 1114112K
  class space    used 6565K, committed 7168K, reserved 1048576K
}
Event: 35.048 GC heap after
{Heap after GC invocations=446 (full 3):
 PSYoungGen      total 1536K, used 667K [0x00000000d5580000, 0x00000000d5b00000, 0x0000000100000000)
  eden space 512K, 0% used [0x00000000d5580000,0x00000000d5580000,0x00000000d5600000)
  from space 1024K, 65% used [0x00000000d5600000,0x00000000d56a6ca8,0x00000000d5700000)
  to   space 2048K, 0% used [0x00000000d5900000,0x00000000d5900000,0x00000000d5b00000)
 ParOldGen       total 424448K, used 424214K [0x0000000080000000, 0x0000000099e80000, 0x00000000d5580000)
  object space 424448K, 99% used [0x0000000080000000,0x0000000099e45a88,0x0000000099e80000)
 Metaspace       used 61139K, committed 62464K, reserved 1114112K
  class space    used 6565K, committed 7168K, reserved 1048576K
}
Event: 35.050 GC heap before
{Heap before GC invocations=447 (full 3):
 PSYoungGen      total 1536K, used 1179K [0x00000000d5580000, 0x00000000d5b00000, 0x0000000100000000)
  eden space 512K, 100% used [0x00000000d5580000,0x00000000d5600000,0x00000000d5600000)
  from space 1024K, 65% used [0x00000000d5600000,0x00000000d56a6ca8,0x00000000d5700000)
  to   space 2048K, 0% used [0x00000000d5900000,0x00000000d5900000,0x00000000d5b00000)
 ParOldGen       total 424448K, used 424214K [0x0000000080000000, 0x0000000099e80000, 0x00000000d5580000)
  object space 424448K, 99% used [0x0000000080000000,0x0000000099e45a88,0x0000000099e80000)
 Metaspace       used 61139K, committed 62464K, reserved 1114112K
  class space    used 6565K, committed 7168K, reserved 1048576K
}
Event: 35.052 GC heap after
{Heap after GC invocations=447 (full 3):
 PSYoungGen      total 2048K, used 659K [0x00000000d5580000, 0x00000000d5a00000, 0x0000000100000000)
  eden space 1024K, 0% used [0x00000000d5580000,0x00000000d5580000,0x00000000d5680000)
  from space 1024K, 64% used [0x00000000d5900000,0x00000000d59a4c68,0x00000000d5a00000)
  to   space 1024K, 0% used [0x00000000d5800000,0x00000000d5800000,0x00000000d5900000)
 ParOldGen       total 424960K, used 424699K [0x0000000080000000, 0x0000000099f00000, 0x00000000d5580000)
  object space 424960K, 99% used [0x0000000080000000,0x0000000099ebed00,0x0000000099f00000)
 Metaspace       used 61139K, committed 62464K, reserved 1114112K
  class space    used 6565K, committed 7168K, reserved 1048576K
}
Event: 35.055 GC heap before
{Heap before GC invocations=448 (full 3):
 PSYoungGen      total 2048K, used 1683K [0x00000000d5580000, 0x00000000d5a00000, 0x0000000100000000)
  eden space 1024K, 100% used [0x00000000d5580000,0x00000000d5680000,0x00000000d5680000)
  from space 1024K, 64% used [0x00000000d5900000,0x00000000d59a4c68,0x00000000d5a00000)
  to   space 1024K, 0% used [0x00000000d5800000,0x00000000d5800000,0x00000000d5900000)
 ParOldGen       total 424960K, used 424699K [0x0000000080000000, 0x0000000099f00000, 0x00000000d5580000)
  object space 424960K, 99% used [0x0000000080000000,0x0000000099ebed00,0x0000000099f00000)
 Metaspace       used 61139K, committed 62464K, reserved 1114112K
  class space    used 6565K, committed 7168K, reserved 1048576K
}
Event: 35.057 GC heap after
{Heap after GC invocations=448 (full 3):
 PSYoungGen      total 2560K, used 1012K [0x00000000d5580000, 0x00000000d5b00000, 0x0000000100000000)
  eden space 1536K, 0% used [0x00000000d5580000,0x00000000d5580000,0x00000000d5700000)
  from space 1024K, 98% used [0x00000000d5800000,0x00000000d58fd048,0x00000000d5900000)
  to   space 2048K, 0% used [0x00000000d5900000,0x00000000d5900000,0x00000000d5b00000)
 ParOldGen       total 425472K, used 425334K [0x0000000080000000, 0x0000000099f80000, 0x00000000d5580000)
  object space 425472K, 99% used [0x0000000080000000,0x0000000099f5d968,0x0000000099f80000)
 Metaspace       used 61139K, committed 62464K, reserved 1114112K
  class space    used 6565K, committed 7168K, reserved 1048576K
}
Event: 35.077 GC heap before
{Heap before GC invocations=449 (full 3):
 PSYoungGen      total 2560K, used 2343K [0x00000000d5580000, 0x00000000d5b00000, 0x0000000100000000)
  eden space 1536K, 86% used [0x00000000d5580000,0x00000000d56ccf80,0x00000000d5700000)
  from space 1024K, 98% used [0x00000000d5800000,0x00000000d58fd048,0x00000000d5900000)
  to   space 2048K, 0% used [0x00000000d5900000,0x00000000d5900000,0x00000000d5b00000)
 ParOldGen       total 425472K, used 425334K [0x0000000080000000, 0x0000000099f80000, 0x00000000d5580000)
  object space 425472K, 99% used [0x0000000080000000,0x0000000099f5d968,0x0000000099f80000)
 Metaspace       used 61151K, committed 62464K, reserved 1114112K
  class space    used 6566K, committed 7168K, reserved 1048576K
}
Event: 35.081 GC heap after
{Heap after GC invocations=449 (full 3):
 PSYoungGen      total 3584K, used 980K [0x00000000d5580000, 0x00000000d5a80000, 0x0000000100000000)
  eden space 2048K, 0% used [0x00000000d5580000,0x00000000d5580000,0x00000000d5780000)
  from space 1536K, 63% used [0x00000000d5900000,0x00000000d59f52b8,0x00000000d5a80000)
  to   space 1536K, 0% used [0x00000000d5780000,0x00000000d5780000,0x00000000d5900000)
 ParOldGen       total 426496K, used 426230K [0x0000000080000000, 0x000000009a080000, 0x00000000d5580000)
  object space 426496K, 99% used [0x0000000080000000,0x000000009a03d968,0x000000009a080000)
 Metaspace       used 61151K, committed 62464K, reserved 1114112K
  class space    used 6566K, committed 7168K, reserved 1048576K
}
Event: 35.123 GC heap before
{Heap before GC invocations=450 (full 3):
 PSYoungGen      total 3584K, used 2952K [0x00000000d5580000, 0x00000000d5a80000, 0x0000000100000000)
  eden space 2048K, 96% used [0x00000000d5580000,0x00000000d576cdb8,0x00000000d5780000)
  from space 1536K, 63% used [0x00000000d5900000,0x00000000d59f52b8,0x00000000d5a80000)
  to   space 1536K, 0% used [0x00000000d5780000,0x00000000d5780000,0x00000000d5900000)
 ParOldGen       total 426496K, used 426230K [0x0000000080000000, 0x000000009a080000, 0x00000000d5580000)
  object space 426496K, 99% used [0x0000000080000000,0x000000009a03d968,0x000000009a080000)
 Metaspace       used 61186K, committed 62528K, reserved 1114112K
  class space    used 6575K, committed 7168K, reserved 1048576K
}
Event: 35.125 GC heap after
{Heap after GC invocations=450 (full 3):
 PSYoungGen      total 3584K, used 1383K [0x00000000d5580000, 0x00000000d5b00000, 0x0000000100000000)
  eden space 2048K, 0% used [0x00000000d5580000,0x00000000d5580000,0x00000000d5780000)
  from space 1536K, 90% used [0x00000000d5780000,0x00000000d58d9de0,0x00000000d5900000)
  to   space 1536K, 0% used [0x00000000d5980000,0x00000000d5980000,0x00000000d5b00000)
 ParOldGen       total 427008K, used 426863K [0x0000000080000000, 0x000000009a100000, 0x00000000d5580000)
  object space 427008K, 99% used [0x0000000080000000,0x000000009a0dbc10,0x000000009a100000)
 Metaspace       used 61186K, committed 62528K, reserved 1114112K
  class space    used 6575K, committed 7168K, reserved 1048576K
}
Event: 35.138 GC heap before
{Heap before GC invocations=451 (full 3):
 PSYoungGen      total 3584K, used 3431K [0x00000000d5580000, 0x00000000d5b00000, 0x0000000100000000)
  eden space 2048K, 100% used [0x00000000d5580000,0x00000000d5780000,0x00000000d5780000)
  from space 1536K, 90% used [0x00000000d5780000,0x00000000d58d9de0,0x00000000d5900000)
  to   space 1536K, 0% used [0x00000000d5980000,0x00000000d5980000,0x00000000d5b00000)
 ParOldGen       total 427008K, used 426863K [0x0000000080000000, 0x000000009a100000, 0x00000000d5580000)
  object space 427008K, 99% used [0x0000000080000000,0x000000009a0dbc10,0x000000009a100000)
 Metaspace       used 61271K, committed 62592K, reserved 1114112K
  class space    used 6584K, committed 7168K, reserved 1048576K
}
Event: 35.140 GC heap after
{Heap after GC invocations=451 (full 3):
 PSYoungGen      total 3584K, used 1511K [0x00000000d5580000, 0x00000000d5c00000, 0x0000000100000000)
  eden space 2048K, 0% used [0x00000000d5580000,0x00000000d5580000,0x00000000d5780000)
  from space 1536K, 98% used [0x00000000d5980000,0x00000000d5af9dc8,0x00000000d5b00000)
  to   space 2048K, 0% used [0x00000000d5780000,0x00000000d5780000,0x00000000d5980000)
 ParOldGen       total 428032K, used 427974K [0x0000000080000000, 0x000000009a200000, 0x00000000d5580000)
  object space 428032K, 99% used [0x0000000080000000,0x000000009a1f19f0,0x000000009a200000)
 Metaspace       used 61271K, committed 62592K, reserved 1114112K
  class space    used 6584K, committed 7168K, reserved 1048576K
}
Event: 35.152 GC heap before
{Heap before GC invocations=452 (full 3):
 PSYoungGen      total 3584K, used 3559K [0x00000000d5580000, 0x00000000d5c00000, 0x0000000100000000)
  eden space 2048K, 100% used [0x00000000d5580000,0x00000000d5780000,0x00000000d5780000)
  from space 1536K, 98% used [0x00000000d5980000,0x00000000d5af9dc8,0x00000000d5b00000)
  to   space 2048K, 0% used [0x00000000d5780000,0x00000000d5780000,0x00000000d5980000)
 ParOldGen       total 428032K, used 427974K [0x0000000080000000, 0x000000009a200000, 0x00000000d5580000)
  object space 428032K, 99% used [0x0000000080000000,0x000000009a1f19f0,0x000000009a200000)
 Metaspace       used 61271K, committed 62592K, reserved 1114112K
  class space    used 6584K, committed 7168K, reserved 1048576K
}

